Using pre-set license

 COMMAND LINE ARGUMENTS:
/Users/ctheard/OneDrive/Documents/Unity Build/2020.2.7f1/Unity.app/Contents/MacOS/Unity
-adb2
-batchMode
-noUpm
-name
AssetImportWorker3
-projectPath
/Users/ctheard/Documents/Unity Projects/Poem Games/Thunderstorm/Thunderstorm
-logFile
Logs/AssetImportWorker3.log
-srvPort
49405
Successfully changed project path to: /Users/ctheard/Documents/Unity Projects/Poem Games/Thunderstorm/Thunderstorm
/Users/ctheard/Documents/Unity Projects/Poem Games/Thunderstorm/Thunderstorm
Using Asset Import Pipeline V2.
Refreshing native plugins compatible for Editor in 93.88 ms, found 2 plugins.
Preloading 0 native plugins for Editor in 0.00 ms.
Initialize engine version: 2020.2.7f1 (c53830e277f1)
[Subsystems] Discovering subsystems at path /Users/ctheard/OneDrive/Documents/Unity Build/2020.2.7f1/Unity.app/Contents/Resources/UnitySubsystems
[Subsystems] Discovering subsystems at path /Users/ctheard/Documents/Unity Projects/Poem Games/Thunderstorm/Thunderstorm/Assets
GfxDevice: creating device client; threaded=0
Renderer: AMD Radeon HD 6770M OpenGL Engine
Vendor:   ATI Technologies Inc.
Version:  4.1 ATI-1.68.25
GLES:     0
 GL_ARB_blend_func_extended GL_ARB_draw_buffers_blend GL_ARB_draw_indirect GL_ARB_ES2_compatibility GL_ARB_explicit_attrib_location GL_ARB_gpu_shader5 GL_ARB_instanced_arrays GL_ARB_internalformat_query GL_ARB_occlusion_query2 GL_ARB_sample_shading GL_ARB_sampler_objects GL_ARB_separate_shader_objects GL_ARB_shader_bit_encoding GL_ARB_shader_subroutine GL_ARB_shading_language_include GL_ARB_tessellation_shader GL_ARB_texture_buffer_object_rgb32 GL_ARB_texture_cube_map_array GL_ARB_texture_gather GL_ARB_texture_query_lod GL_ARB_texture_rgb10_a2ui GL_ARB_texture_storage GL_ARB_texture_swizzle GL_ARB_timer_query GL_ARB_transform_feedback2 GL_ARB_transform_feedback3 GL_ARB_vertex_type_2_10_10_10_rev GL_ARB_viewport_array GL_EXT_debug_label GL_EXT_debug_marker GL_EXT_texture_compression_s3tc GL_EXT_texture_filter_anisotropic GL_EXT_texture_mirror_clamp GL_EXT_texture_sRGB_decode GL_APPLE_client_storage GL_APPLE_container_object_shareable GL_APPLE_flush_render GL_APPLE_object_purgeable GL_APPLE_rgb_422 GL_APPLE_ro
w_bytes GL_APPLE_texture_range GL_ATI_texture_mirror_once GL_NV_texture_barrier
OPENGL LOG: Creating OpenGL 4.1 graphics device ; Context level  <OpenGL 4.1> ; Context handle -897385984
Shader 'Custom/RainShader': fallback shader 'Particles/Alpha Blended' not found
Initialize mono
Mono path[0] = '/Users/ctheard/OneDrive/Documents/Unity Build/2020.2.7f1/Unity.app/Contents/Managed'
Mono path[1] = '/Users/ctheard/OneDrive/Documents/Unity Build/2020.2.7f1/Unity.app/Contents/MonoBleedingEdge/lib/mono/unityjit'
Mono config path = '/Users/ctheard/OneDrive/Documents/Unity Build/2020.2.7f1/Unity.app/Contents/MonoBleedingEdge/etc'
Using monoOptions --debugger-agent=transport=dt_socket,embedding=1,server=y,suspend=n,address=127.0.0.1:56883
Begin MonoManager ReloadAssembly
Registering precompiled unity dll's ...
Register platform support module: /Users/ctheard/OneDrive/Documents/Unity Build/2020.2.7f1/PlaybackEngines/WebGLSupport/UnityEditor.WebGL.Extensions.dll
Register platform support module: /Users/ctheard/OneDrive/Documents/Unity Build/2020.2.7f1/Unity.app/Contents/PlaybackEngines/MacStandaloneSupport/UnityEditor.OSXStandalone.Extensions.dll
Register platform support module: /Users/ctheard/OneDrive/Documents/Unity Build/2020.2.7f1/PlaybackEngines/WindowsStandaloneSupport/UnityEditor.WindowsStandalone.Extensions.dll
Register platform support module: /Users/ctheard/OneDrive/Documents/Unity Build/2020.2.7f1/PlaybackEngines/LinuxStandaloneSupport/UnityEditor.LinuxStandalone.Extensions.dll
Registered in 0.001712 seconds.
Native extension for LinuxStandalone target not found
Native extension for WindowsStandalone target not found
Native extension for OSXStandalone target not found
Native extension for WebGL target not found
Refreshing native plugins compatible for Editor in 83.09 ms, found 2 plugins.
Preloading 0 native plugins for Editor in 0.00 ms.
Invoked RoslynAnalysisRunner static constructor.
RoslynAnalysisRunner will not be running.
RoslynAnalysisRunner has terminated.
Mono: successfully reloaded assembly
- Completed reload, in  6.967 seconds
Platform modules already initialized, skipping
Registering precompiled user dll's ...
Registered in 0.000781 seconds.
Begin MonoManager ReloadAssembly
Native extension for LinuxStandalone target not found
Native extension for WindowsStandalone target not found
Native extension for OSXStandalone target not found
Native extension for WebGL target not found
Refreshing native plugins compatible for Editor in 84.73 ms, found 2 plugins.
Preloading 0 native plugins for Editor in 0.00 ms.
Invoked RoslynAnalysisRunner static constructor.
RoslynAnalysisRunner will not be running.
RoslynAnalysisRunner has terminated.
Mono: successfully reloaded assembly
- Completed reload, in  1.978 seconds
Platform modules already initialized, skipping
========================================================================
Worker process is ready to serve import requests
Shader 'Custom/RainShader': fallback shader 'Particles/Alpha Blended' not found
Launching external process: /Users/ctheard/OneDrive/Documents/Unity Build/2020.2.7f1/Unity.app/Contents/Tools/UnityShaderCompiler
Launched and connected shader compiler UnityShaderCompiler after 0.04 seconds
Refreshing native plugins compatible for Editor in 0.55 ms, found 2 plugins.
Preloading 0 native plugins for Editor in 0.00 ms.
Unloading 2424 Unused Serialized files (Serialized files now loaded: 0)
System memory in use before: 188.1 MB.
System memory in use after: 188.3 MB.

Unloading 25 unused Assets to reduce memory usage. Loaded Objects now: 2882.
Total: 3.601279 ms (FindLiveObjects: 0.342558 ms CreateObjectMapping: 0.123527 ms MarkObjects: 2.951754 ms  DeleteObjects: 0.174156 ms)

========================================================================
Received Import Request.
  path: Assets/Art/cloud.psd
  artifactKey: Guid(940a4af4699ff400495d9b915ecc0713) Importer(815301076,1909f56bfc062723c751e8b465ee728b)
Start importing Assets/Art/cloud.psd using Guid(940a4af4699ff400495d9b915ecc0713) Importer(815301076,1909f56bfc062723c751e8b465ee728b)  -> (artifact id: 'cfe081b55f35d2413c6b8584b5b0c42e') in 1.286668 seconds
  Import took 1.315666 seconds .

========================================================================
Received Import Request.
  Time since last request: 2891.993021 seconds.
  path: Assets/Art/playerSheet.psd
  artifactKey: Guid(140640be76242452dbffe0f1955fb523) Importer(815301076,1909f56bfc062723c751e8b465ee728b)
Start importing Assets/Art/playerSheet.psd using Guid(140640be76242452dbffe0f1955fb523) Importer(815301076,1909f56bfc062723c751e8b465ee728b)  -> (artifact id: '48e8df1716f9c3df0f5e8cc32f75fe83') in 0.072808 seconds
  Import took 0.126447 seconds .

========================================================================
Received Import Request.
  Time since last request: 0.035957 seconds.
  path: Assets/Art/playerSheet.psd
  artifactKey: Guid(140640be76242452dbffe0f1955fb523) Importer(815301076,1909f56bfc062723c751e8b465ee728b)
Start importing Assets/Art/playerSheet.psd using Guid(140640be76242452dbffe0f1955fb523) Importer(815301076,1909f56bfc062723c751e8b465ee728b)  -> (artifact id: '48e8df1716f9c3df0f5e8cc32f75fe83') in 0.170949 seconds
  Import took 0.176580 seconds .

========================================================================
Received Import Request.
  Time since last request: 32.825441 seconds.
  path: Assets/Art/playerSheet.psd
  artifactKey: Guid(140640be76242452dbffe0f1955fb523) Importer(815301076,1909f56bfc062723c751e8b465ee728b)
Start importing Assets/Art/playerSheet.psd using Guid(140640be76242452dbffe0f1955fb523) Importer(815301076,1909f56bfc062723c751e8b465ee728b)  -> (artifact id: '4e5fe7d7ca5709b8ed34a67dad9fdc91') in 0.040890 seconds
  Import took 0.062139 seconds .

========================================================================
Received Import Request.
  Time since last request: 12.620993 seconds.
  path: Assets/_Scenes/Scene01.unity
  artifactKey: Guid(5fad769d5dc16405ea56a24bb7defc23) Importer(815301076,1909f56bfc062723c751e8b465ee728b)
Start importing Assets/_Scenes/Scene01.unity using Guid(5fad769d5dc16405ea56a24bb7defc23) Importer(815301076,1909f56bfc062723c751e8b465ee728b)  -> (artifact id: 'd74f8f2e4b1115d25231c77c5c52799f') in 0.079312 seconds
  Import took 0.103589 seconds .

========================================================================
Received Import Request.
  Time since last request: 2594.460191 seconds.
  path: Assets/Animations/Player.controller
  artifactKey: Guid(1ff8ad8fc0d824793967a251df832c30) Importer(815301076,1909f56bfc062723c751e8b465ee728b)
Start importing Assets/Animations/Player.controller using Guid(1ff8ad8fc0d824793967a251df832c30) Importer(815301076,1909f56bfc062723c751e8b465ee728b)  -> (artifact id: 'b0ce85ed38f45723b021cff5a34d6755') in 0.092581 seconds
  Import took 0.114835 seconds .

========================================================================
Received Import Request.
  Time since last request: 11.725311 seconds.
  path: Assets/_Scripts/Core/Controller2D.cs
  artifactKey: Guid(0f419266ff2404622a87e85eec51bdc0) Importer(815301076,1909f56bfc062723c751e8b465ee728b)
Start importing Assets/_Scripts/Core/Controller2D.cs using Guid(0f419266ff2404622a87e85eec51bdc0) Importer(815301076,1909f56bfc062723c751e8b465ee728b)  -> (artifact id: 'f553964b47ed82eabba2ed827be4038d') in 0.978477 seconds
  Import took 1.011387 seconds .

========================================================================
Received Prepare
Registering precompiled user dll's ...
Registered in 0.155621 seconds.
Begin MonoManager ReloadAssembly
Native extension for LinuxStandalone target not found
Native extension for WindowsStandalone target not found
Native extension for OSXStandalone target not found
Native extension for WebGL target not found
Refreshing native plugins compatible for Editor in 0.59 ms, found 2 plugins.
Preloading 0 native plugins for Editor in 0.00 ms.
Invoked RoslynAnalysisRunner static constructor.
RoslynAnalysisRunner will not be running.
RoslynAnalysisRunner has terminated.
Mono: successfully reloaded assembly
- Completed reload, in  1.585 seconds
Platform modules already initialized, skipping
Shader 'Custom/RainShader': fallback shader 'Particles/Alpha Blended' not found
Refreshing native plugins compatible for Editor in 0.63 ms, found 2 plugins.
Preloading 0 native plugins for Editor in 0.00 ms.
Unloading 2400 Unused Serialized files (Serialized files now loaded: 0)
System memory in use before: 200.4 MB.
System memory in use after: 200.6 MB.

Unloading 12 unused Assets to reduce memory usage. Loaded Objects now: 2893.
Total: 2.611971 ms (FindLiveObjects: 0.280847 ms CreateObjectMapping: 0.100430 ms MarkObjects: 2.129469 ms  DeleteObjects: 0.099804 ms)

========================================================================
Received Import Request.
  Time since last request: 239.586733 seconds.
  path: Assets/_Scripts/Core/Controller2D.cs
  artifactKey: Guid(0f419266ff2404622a87e85eec51bdc0) Importer(815301076,1909f56bfc062723c751e8b465ee728b)
Start importing Assets/_Scripts/Core/Controller2D.cs using Guid(0f419266ff2404622a87e85eec51bdc0) Importer(815301076,1909f56bfc062723c751e8b465ee728b)  -> (artifact id: '0abed85d57fdacabf4b030d6c12ccd37') in 0.005762 seconds
  Import took 0.046141 seconds .

========================================================================
Received Prepare
Registering precompiled user dll's ...
Registered in 0.020155 seconds.
Begin MonoManager ReloadAssembly
Native extension for LinuxStandalone target not found
Native extension for WindowsStandalone target not found
Native extension for OSXStandalone target not found
Native extension for WebGL target not found
Refreshing native plugins compatible for Editor in 0.54 ms, found 2 plugins.
Preloading 0 native plugins for Editor in 0.00 ms.
Invoked RoslynAnalysisRunner static constructor.
RoslynAnalysisRunner will not be running.
RoslynAnalysisRunner has terminated.
Mono: successfully reloaded assembly
- Completed reload, in  1.363 seconds
Platform modules already initialized, skipping
Shader 'Custom/RainShader': fallback shader 'Particles/Alpha Blended' not found
Refreshing native plugins compatible for Editor in 0.53 ms, found 2 plugins.
Preloading 0 native plugins for Editor in 0.00 ms.
Unloading 2400 Unused Serialized files (Serialized files now loaded: 0)
System memory in use before: 200.9 MB.
System memory in use after: 201.0 MB.

Unloading 12 unused Assets to reduce memory usage. Loaded Objects now: 2895.
Total: 2.692812 ms (FindLiveObjects: 0.279200 ms CreateObjectMapping: 0.100331 ms MarkObjects: 2.199476 ms  DeleteObjects: 0.112267 ms)

========================================================================
Received Import Request.
  Time since last request: 718.454245 seconds.
  path: Assets/_Scripts/Core/DialogueTrigger.cs
  artifactKey: Guid(2b548b873ca8f4ca48b7c2a0c1b522af) Importer(815301076,1909f56bfc062723c751e8b465ee728b)
Start importing Assets/_Scripts/Core/DialogueTrigger.cs using Guid(2b548b873ca8f4ca48b7c2a0c1b522af) Importer(815301076,1909f56bfc062723c751e8b465ee728b)  -> (artifact id: 'c4541ba3ea4ddc50353d56316b71739e') in 0.109338 seconds
  Import took 0.129260 seconds .

========================================================================
Received Prepare
Registering precompiled user dll's ...
Registered in 0.000822 seconds.
Begin MonoManager ReloadAssembly
Native extension for LinuxStandalone target not found
Native extension for WindowsStandalone target not found
Native extension for OSXStandalone target not found
Native extension for WebGL target not found
Refreshing native plugins compatible for Editor in 0.89 ms, found 2 plugins.
Preloading 0 native plugins for Editor in 0.00 ms.
Invoked RoslynAnalysisRunner static constructor.
RoslynAnalysisRunner will not be running.
RoslynAnalysisRunner has terminated.
Mono: successfully reloaded assembly
- Completed reload, in  1.643 seconds
Platform modules already initialized, skipping
Shader 'Custom/RainShader': fallback shader 'Particles/Alpha Blended' not found
Refreshing native plugins compatible for Editor in 0.54 ms, found 2 plugins.
Preloading 0 native plugins for Editor in 0.00 ms.
Unloading 2400 Unused Serialized files (Serialized files now loaded: 0)
System memory in use before: 201.2 MB.
System memory in use after: 201.4 MB.

Unloading 12 unused Assets to reduce memory usage. Loaded Objects now: 2897.
Total: 2.720395 ms (FindLiveObjects: 0.282392 ms CreateObjectMapping: 0.111755 ms MarkObjects: 2.218304 ms  DeleteObjects: 0.106209 ms)

========================================================================
Received Import Request.
  Time since last request: 731.655817 seconds.
  path: Assets/_Scripts/Core/DialogueTrigger.cs
  artifactKey: Guid(2b548b873ca8f4ca48b7c2a0c1b522af) Importer(815301076,1909f56bfc062723c751e8b465ee728b)
Start importing Assets/_Scripts/Core/DialogueTrigger.cs using Guid(2b548b873ca8f4ca48b7c2a0c1b522af) Importer(815301076,1909f56bfc062723c751e8b465ee728b)  -> (artifact id: 'bec992805f2363a0bd950c2479c286eb') in 0.071992 seconds
  Import took 0.219787 seconds .

========================================================================
Received Prepare
Registering precompiled user dll's ...
Registered in 0.121843 seconds.
Begin MonoManager ReloadAssembly
Native extension for LinuxStandalone target not found
Native extension for WindowsStandalone target not found
Native extension for OSXStandalone target not found
Native extension for WebGL target not found
Refreshing native plugins compatible for Editor in 0.56 ms, found 2 plugins.
Preloading 0 native plugins for Editor in 0.00 ms.
Invoked RoslynAnalysisRunner static constructor.
RoslynAnalysisRunner will not be running.
RoslynAnalysisRunner has terminated.
Mono: successfully reloaded assembly
- Completed reload, in  1.852 seconds
Platform modules already initialized, skipping
Shader 'Custom/RainShader': fallback shader 'Particles/Alpha Blended' not found
Refreshing native plugins compatible for Editor in 0.63 ms, found 2 plugins.
Preloading 0 native plugins for Editor in 0.00 ms.
Unloading 2400 Unused Serialized files (Serialized files now loaded: 0)
System memory in use before: 201.6 MB.
System memory in use after: 201.7 MB.

Unloading 12 unused Assets to reduce memory usage. Loaded Objects now: 2899.
Total: 3.625598 ms (FindLiveObjects: 0.360814 ms CreateObjectMapping: 0.134086 ms MarkObjects: 2.990748 ms  DeleteObjects: 0.137361 ms)

========================================================================
Received Import Request.
  Time since last request: 119.100549 seconds.
  path: Assets/Prefabs/DialogueObject-Two.prefab
  artifactKey: Guid(a94c5b0aea69743c59b8dfada0d342b3) Importer(815301076,1909f56bfc062723c751e8b465ee728b)
Start importing Assets/Prefabs/DialogueObject-Two.prefab using Guid(a94c5b0aea69743c59b8dfada0d342b3) Importer(815301076,1909f56bfc062723c751e8b465ee728b)  -> (artifact id: '8d79b603fcbf596147095ccca7e89556') in 0.603273 seconds
  Import took 0.639169 seconds .

========================================================================
Received Import Request.
  Time since last request: 5.385814 seconds.
  path: Assets/Prefabs/DialogueObject.prefab
  artifactKey: Guid(5050641d770664872b38efb3cdfe119c) Importer(815301076,1909f56bfc062723c751e8b465ee728b)
Start importing Assets/Prefabs/DialogueObject.prefab using Guid(5050641d770664872b38efb3cdfe119c) Importer(815301076,1909f56bfc062723c751e8b465ee728b)  -> (artifact id: '983a077baf5997f693efbeb0749e57fa') in 0.126536 seconds
  Import took 0.151033 seconds .

========================================================================
Received Prepare
Registering precompiled user dll's ...
Registered in 0.000903 seconds.
Begin MonoManager ReloadAssembly
Native extension for LinuxStandalone target not found
Native extension for WindowsStandalone target not found
Native extension for OSXStandalone target not found
Native extension for WebGL target not found
Refreshing native plugins compatible for Editor in 0.61 ms, found 2 plugins.
Preloading 0 native plugins for Editor in 0.00 ms.
Invoked RoslynAnalysisRunner static constructor.
RoslynAnalysisRunner will not be running.
RoslynAnalysisRunner has terminated.
Mono: successfully reloaded assembly
- Completed reload, in  1.400 seconds
Platform modules already initialized, skipping
Shader 'Custom/RainShader': fallback shader 'Particles/Alpha Blended' not found
Refreshing native plugins compatible for Editor in 0.57 ms, found 2 plugins.
Preloading 0 native plugins for Editor in 0.00 ms.
Unloading 2400 Unused Serialized files (Serialized files now loaded: 0)
System memory in use before: 206.0 MB.
System memory in use after: 206.1 MB.

Unloading 12 unused Assets to reduce memory usage. Loaded Objects now: 2906.
Total: 2.658177 ms (FindLiveObjects: 0.282997 ms CreateObjectMapping: 0.101187 ms MarkObjects: 2.165787 ms  DeleteObjects: 0.106680 ms)

========================================================================
Received Prepare
Registering precompiled user dll's ...
Registered in 0.001186 seconds.
Begin MonoManager ReloadAssembly
Native extension for LinuxStandalone target not found
Native extension for WindowsStandalone target not found
Native extension for OSXStandalone target not found
Native extension for WebGL target not found
Refreshing native plugins compatible for Editor in 0.60 ms, found 2 plugins.
Preloading 0 native plugins for Editor in 0.00 ms.
Invoked RoslynAnalysisRunner static constructor.
RoslynAnalysisRunner will not be running.
RoslynAnalysisRunner has terminated.
Mono: successfully reloaded assembly
- Completed reload, in  1.467 seconds
Platform modules already initialized, skipping
Shader 'Custom/RainShader': fallback shader 'Particles/Alpha Blended' not found
Refreshing native plugins compatible for Editor in 0.57 ms, found 2 plugins.
Preloading 0 native plugins for Editor in 0.00 ms.
Unloading 2400 Unused Serialized files (Serialized files now loaded: 0)
System memory in use before: 206.3 MB.
System memory in use after: 206.5 MB.

Unloading 12 unused Assets to reduce memory usage. Loaded Objects now: 2908.
Total: 2.697399 ms (FindLiveObjects: 0.318971 ms CreateObjectMapping: 0.098562 ms MarkObjects: 2.174382 ms  DeleteObjects: 0.103208 ms)

========================================================================
Received Prepare
Registering precompiled user dll's ...
Registered in 0.022617 seconds.
Begin MonoManager ReloadAssembly
Native extension for LinuxStandalone target not found
Native extension for WindowsStandalone target not found
Native extension for OSXStandalone target not found
Native extension for WebGL target not found
Refreshing native plugins compatible for Editor in 0.52 ms, found 2 plugins.
Preloading 0 native plugins for Editor in 0.00 ms.
Invoked RoslynAnalysisRunner static constructor.
RoslynAnalysisRunner will not be running.
RoslynAnalysisRunner has terminated.
Mono: successfully reloaded assembly
- Completed reload, in  1.517 seconds
Platform modules already initialized, skipping
Shader 'Custom/RainShader': fallback shader 'Particles/Alpha Blended' not found
Refreshing native plugins compatible for Editor in 0.56 ms, found 2 plugins.
Preloading 0 native plugins for Editor in 0.00 ms.
Unloading 2400 Unused Serialized files (Serialized files now loaded: 0)
System memory in use before: 206.5 MB.
System memory in use after: 206.7 MB.

Unloading 12 unused Assets to reduce memory usage. Loaded Objects now: 2910.
Total: 2.664644 ms (FindLiveObjects: 0.273503 ms CreateObjectMapping: 0.102826 ms MarkObjects: 2.149993 ms  DeleteObjects: 0.136896 ms)

========================================================================
Received Prepare
Registering precompiled user dll's ...
Registered in 0.000844 seconds.
Begin MonoManager ReloadAssembly
Native extension for LinuxStandalone target not found
Native extension for WindowsStandalone target not found
Native extension for OSXStandalone target not found
Native extension for WebGL target not found
Refreshing native plugins compatible for Editor in 0.55 ms, found 2 plugins.
Preloading 0 native plugins for Editor in 0.00 ms.
Invoked RoslynAnalysisRunner static constructor.
RoslynAnalysisRunner will not be running.
RoslynAnalysisRunner has terminated.
Mono: successfully reloaded assembly
- Completed reload, in  1.504 seconds
Platform modules already initialized, skipping
Shader 'Custom/RainShader': fallback shader 'Particles/Alpha Blended' not found
Refreshing native plugins compatible for Editor in 0.56 ms, found 2 plugins.
Preloading 0 native plugins for Editor in 0.00 ms.
Unloading 2400 Unused Serialized files (Serialized files now loaded: 0)
System memory in use before: 206.8 MB.
System memory in use after: 206.9 MB.

Unloading 12 unused Assets to reduce memory usage. Loaded Objects now: 2912.
Total: 2.890054 ms (FindLiveObjects: 0.315804 ms CreateObjectMapping: 0.112550 ms MarkObjects: 2.340759 ms  DeleteObjects: 0.118840 ms)

========================================================================
Received Prepare
Registering precompiled user dll's ...
Registered in 0.000928 seconds.
Begin MonoManager ReloadAssembly
Native extension for LinuxStandalone target not found
Native extension for WindowsStandalone target not found
Native extension for OSXStandalone target not found
Native extension for WebGL target not found
Refreshing native plugins compatible for Editor in 0.57 ms, found 2 plugins.
Preloading 0 native plugins for Editor in 0.00 ms.
Invoked RoslynAnalysisRunner static constructor.
RoslynAnalysisRunner will not be running.
RoslynAnalysisRunner has terminated.
Mono: successfully reloaded assembly
- Completed reload, in  1.482 seconds
Platform modules already initialized, skipping
Shader 'Custom/RainShader': fallback shader 'Particles/Alpha Blended' not found
Refreshing native plugins compatible for Editor in 0.57 ms, found 2 plugins.
Preloading 0 native plugins for Editor in 0.00 ms.
Unloading 2400 Unused Serialized files (Serialized files now loaded: 0)
System memory in use before: 207.0 MB.
System memory in use after: 207.1 MB.

Unloading 12 unused Assets to reduce memory usage. Loaded Objects now: 2914.
Total: 2.865576 ms (FindLiveObjects: 0.298353 ms CreateObjectMapping: 0.110311 ms MarkObjects: 2.337581 ms  DeleteObjects: 0.117466 ms)

========================================================================
Received Prepare
Registering precompiled user dll's ...
Registered in 0.000998 seconds.
Begin MonoManager ReloadAssembly
Native extension for LinuxStandalone target not found
Native extension for WindowsStandalone target not found
Native extension for OSXStandalone target not found
Native extension for WebGL target not found
Refreshing native plugins compatible for Editor in 0.55 ms, found 2 plugins.
Preloading 0 native plugins for Editor in 0.00 ms.
Invoked RoslynAnalysisRunner static constructor.
RoslynAnalysisRunner will not be running.
RoslynAnalysisRunner has terminated.
Mono: successfully reloaded assembly
- Completed reload, in  1.503 seconds
Platform modules already initialized, skipping
Shader 'Custom/RainShader': fallback shader 'Particles/Alpha Blended' not found
Refreshing native plugins compatible for Editor in 0.61 ms, found 2 plugins.
Preloading 0 native plugins for Editor in 0.00 ms.
Unloading 2400 Unused Serialized files (Serialized files now loaded: 0)
System memory in use before: 207.1 MB.
System memory in use after: 207.3 MB.

Unloading 12 unused Assets to reduce memory usage. Loaded Objects now: 2916.
Total: 3.202819 ms (FindLiveObjects: 0.350467 ms CreateObjectMapping: 0.127800 ms MarkObjects: 2.607563 ms  DeleteObjects: 0.115201 ms)

========================================================================
Received Prepare
Registering precompiled user dll's ...
Registered in 0.022519 seconds.
Begin MonoManager ReloadAssembly
Native extension for LinuxStandalone target not found
Native extension for WindowsStandalone target not found
Native extension for OSXStandalone target not found
Native extension for WebGL target not found
Refreshing native plugins compatible for Editor in 0.56 ms, found 2 plugins.
Preloading 0 native plugins for Editor in 0.00 ms.
Invoked RoslynAnalysisRunner static constructor.
RoslynAnalysisRunner will not be running.
RoslynAnalysisRunner has terminated.
Mono: successfully reloaded assembly
- Completed reload, in  1.488 seconds
Platform modules already initialized, skipping
Shader 'Custom/RainShader': fallback shader 'Particles/Alpha Blended' not found
Refreshing native plugins compatible for Editor in 0.58 ms, found 2 plugins.
Preloading 0 native plugins for Editor in 0.00 ms.
Unloading 2400 Unused Serialized files (Serialized files now loaded: 0)
System memory in use before: 207.4 MB.
System memory in use after: 207.6 MB.

Unloading 12 unused Assets to reduce memory usage. Loaded Objects now: 2918.
Total: 2.800442 ms (FindLiveObjects: 0.345414 ms CreateObjectMapping: 0.112076 ms MarkObjects: 2.235390 ms  DeleteObjects: 0.105684 ms)

========================================================================
Received Prepare
Registering precompiled user dll's ...
Registered in 0.015580 seconds.
Begin MonoManager ReloadAssembly
Native extension for LinuxStandalone target not found
Native extension for WindowsStandalone target not found
Native extension for OSXStandalone target not found
Native extension for WebGL target not found
Refreshing native plugins compatible for Editor in 0.56 ms, found 2 plugins.
Preloading 0 native plugins for Editor in 0.00 ms.
Invoked RoslynAnalysisRunner static constructor.
RoslynAnalysisRunner will not be running.
RoslynAnalysisRunner has terminated.
Mono: successfully reloaded assembly
- Completed reload, in  1.560 seconds
Platform modules already initialized, skipping
Shader 'Custom/RainShader': fallback shader 'Particles/Alpha Blended' not found
Refreshing native plugins compatible for Editor in 0.54 ms, found 2 plugins.
Preloading 0 native plugins for Editor in 0.00 ms.
Unloading 2400 Unused Serialized files (Serialized files now loaded: 0)
System memory in use before: 207.6 MB.
System memory in use after: 207.8 MB.

Unloading 12 unused Assets to reduce memory usage. Loaded Objects now: 2920.
Total: 2.645256 ms (FindLiveObjects: 0.288360 ms CreateObjectMapping: 0.102519 ms MarkObjects: 2.142490 ms  DeleteObjects: 0.110015 ms)

========================================================================
Received Prepare
Registering precompiled user dll's ...
Registered in 0.000974 seconds.
Begin MonoManager ReloadAssembly
Native extension for LinuxStandalone target not found
Native extension for WindowsStandalone target not found
Native extension for OSXStandalone target not found
Native extension for WebGL target not found
Refreshing native plugins compatible for Editor in 0.62 ms, found 2 plugins.
Preloading 0 native plugins for Editor in 0.00 ms.
Invoked RoslynAnalysisRunner static constructor.
RoslynAnalysisRunner will not be running.
RoslynAnalysisRunner has terminated.
Mono: successfully reloaded assembly
- Completed reload, in  1.623 seconds
Platform modules already initialized, skipping
Shader 'Custom/RainShader': fallback shader 'Particles/Alpha Blended' not found
Refreshing native plugins compatible for Editor in 0.53 ms, found 2 plugins.
Preloading 0 native plugins for Editor in 0.00 ms.
Unloading 2400 Unused Serialized files (Serialized files now loaded: 0)
System memory in use before: 207.8 MB.
System memory in use after: 208.0 MB.

Unloading 12 unused Assets to reduce memory usage. Loaded Objects now: 2922.
Total: 2.804965 ms (FindLiveObjects: 0.314944 ms CreateObjectMapping: 0.100870 ms MarkObjects: 2.281334 ms  DeleteObjects: 0.106187 ms)

========================================================================
Received Prepare
Registering precompiled user dll's ...
Registered in 0.000971 seconds.
Begin MonoManager ReloadAssembly
Native extension for LinuxStandalone target not found
Native extension for WindowsStandalone target not found
Native extension for OSXStandalone target not found
Native extension for WebGL target not found
Refreshing native plugins compatible for Editor in 0.55 ms, found 2 plugins.
Preloading 0 native plugins for Editor in 0.00 ms.
Invoked RoslynAnalysisRunner static constructor.
RoslynAnalysisRunner will not be running.
RoslynAnalysisRunner has terminated.
Mono: successfully reloaded assembly
- Completed reload, in  1.526 seconds
Platform modules already initialized, skipping
Shader 'Custom/RainShader': fallback shader 'Particles/Alpha Blended' not found
Refreshing native plugins compatible for Editor in 0.57 ms, found 2 plugins.
Preloading 0 native plugins for Editor in 0.00 ms.
Unloading 2400 Unused Serialized files (Serialized files now loaded: 0)
System memory in use before: 208.0 MB.
System memory in use after: 208.2 MB.

Unloading 12 unused Assets to reduce memory usage. Loaded Objects now: 2924.
Total: 3.040741 ms (FindLiveObjects: 0.299792 ms CreateObjectMapping: 0.110605 ms MarkObjects: 2.509771 ms  DeleteObjects: 0.118828 ms)

========================================================================
Received Prepare
Registering precompiled user dll's ...
Registered in 0.019015 seconds.
Begin MonoManager ReloadAssembly
Native extension for LinuxStandalone target not found
Native extension for WindowsStandalone target not found
Native extension for OSXStandalone target not found
Native extension for WebGL target not found
Refreshing native plugins compatible for Editor in 0.61 ms, found 2 plugins.
Preloading 0 native plugins for Editor in 0.00 ms.
Invoked RoslynAnalysisRunner static constructor.
RoslynAnalysisRunner will not be running.
RoslynAnalysisRunner has terminated.
Mono: successfully reloaded assembly
- Completed reload, in  1.594 seconds
Platform modules already initialized, skipping
Shader 'Custom/RainShader': fallback shader 'Particles/Alpha Blended' not found
Refreshing native plugins compatible for Editor in 0.54 ms, found 2 plugins.
Preloading 0 native plugins for Editor in 0.00 ms.
Unloading 2400 Unused Serialized files (Serialized files now loaded: 0)
System memory in use before: 208.2 MB.
System memory in use after: 208.3 MB.

Unloading 12 unused Assets to reduce memory usage. Loaded Objects now: 2926.
Total: 2.893745 ms (FindLiveObjects: 0.299143 ms CreateObjectMapping: 0.119214 ms MarkObjects: 2.359598 ms  DeleteObjects: 0.114025 ms)

========================================================================
Received Prepare
Registering precompiled user dll's ...
Registered in 0.000944 seconds.
Begin MonoManager ReloadAssembly
Native extension for LinuxStandalone target not found
Native extension for WindowsStandalone target not found
Native extension for OSXStandalone target not found
Native extension for WebGL target not found
Refreshing native plugins compatible for Editor in 0.57 ms, found 2 plugins.
Preloading 0 native plugins for Editor in 0.00 ms.
Invoked RoslynAnalysisRunner static constructor.
RoslynAnalysisRunner will not be running.
RoslynAnalysisRunner has terminated.
Mono: successfully reloaded assembly
- Completed reload, in  1.543 seconds
Platform modules already initialized, skipping
Shader 'Custom/RainShader': fallback shader 'Particles/Alpha Blended' not found
Refreshing native plugins compatible for Editor in 0.57 ms, found 2 plugins.
Preloading 0 native plugins for Editor in 0.00 ms.
Unloading 2400 Unused Serialized files (Serialized files now loaded: 0)
System memory in use before: 208.5 MB.
System memory in use after: 208.6 MB.

Unloading 12 unused Assets to reduce memory usage. Loaded Objects now: 2928.
Total: 2.976184 ms (FindLiveObjects: 0.299056 ms CreateObjectMapping: 0.113392 ms MarkObjects: 2.442631 ms  DeleteObjects: 0.119155 ms)

========================================================================
Received Prepare
Registering precompiled user dll's ...
Registered in 0.000879 seconds.
Begin MonoManager ReloadAssembly
Native extension for LinuxStandalone target not found
Native extension for WindowsStandalone target not found
Native extension for OSXStandalone target not found
Native extension for WebGL target not found
Refreshing native plugins compatible for Editor in 0.56 ms, found 2 plugins.
Preloading 0 native plugins for Editor in 0.00 ms.
Invoked RoslynAnalysisRunner static constructor.
RoslynAnalysisRunner will not be running.
RoslynAnalysisRunner has terminated.
Mono: successfully reloaded assembly
- Completed reload, in  1.495 seconds
Platform modules already initialized, skipping
Shader 'Custom/RainShader': fallback shader 'Particles/Alpha Blended' not found
Refreshing native plugins compatible for Editor in 0.56 ms, found 2 plugins.
Preloading 0 native plugins for Editor in 0.00 ms.
Unloading 2400 Unused Serialized files (Serialized files now loaded: 0)
System memory in use before: 208.7 MB.
System memory in use after: 208.8 MB.

Unloading 12 unused Assets to reduce memory usage. Loaded Objects now: 2930.
Total: 2.745010 ms (FindLiveObjects: 0.316892 ms CreateObjectMapping: 0.111586 ms MarkObjects: 2.202960 ms  DeleteObjects: 0.111778 ms)

========================================================================
Received Prepare
Registering precompiled user dll's ...
Registered in 0.000943 seconds.
Begin MonoManager ReloadAssembly
Native extension for LinuxStandalone target not found
Native extension for WindowsStandalone target not found
Native extension for OSXStandalone target not found
Native extension for WebGL target not found
Refreshing native plugins compatible for Editor in 0.59 ms, found 2 plugins.
Preloading 0 native plugins for Editor in 0.00 ms.
Invoked RoslynAnalysisRunner static constructor.
RoslynAnalysisRunner will not be running.
RoslynAnalysisRunner has terminated.
Mono: successfully reloaded assembly
- Completed reload, in  1.573 seconds
Platform modules already initialized, skipping
Shader 'Custom/RainShader': fallback shader 'Particles/Alpha Blended' not found
Refreshing native plugins compatible for Editor in 0.57 ms, found 2 plugins.
Preloading 0 native plugins for Editor in 0.00 ms.
Unloading 2400 Unused Serialized files (Serialized files now loaded: 0)
System memory in use before: 208.9 MB.
System memory in use after: 209.0 MB.

Unloading 12 unused Assets to reduce memory usage. Loaded Objects now: 2932.
Total: 2.881215 ms (FindLiveObjects: 0.284856 ms CreateObjectMapping: 0.103194 ms MarkObjects: 2.373826 ms  DeleteObjects: 0.117549 ms)

========================================================================
Received Prepare
Registering precompiled user dll's ...
Registered in 0.013501 seconds.
Begin MonoManager ReloadAssembly
Native extension for LinuxStandalone target not found
Native extension for WindowsStandalone target not found
Native extension for OSXStandalone target not found
Native extension for WebGL target not found
Refreshing native plugins compatible for Editor in 0.62 ms, found 2 plugins.
Preloading 0 native plugins for Editor in 0.00 ms.
Invoked RoslynAnalysisRunner static constructor.
RoslynAnalysisRunner will not be running.
RoslynAnalysisRunner has terminated.
Mono: successfully reloaded assembly
- Completed reload, in  1.658 seconds
Platform modules already initialized, skipping
Shader 'Custom/RainShader': fallback shader 'Particles/Alpha Blended' not found
Refreshing native plugins compatible for Editor in 0.57 ms, found 2 plugins.
Preloading 0 native plugins for Editor in 0.00 ms.
Unloading 2400 Unused Serialized files (Serialized files now loaded: 0)
System memory in use before: 209.1 MB.
System memory in use after: 209.2 MB.

Unloading 12 unused Assets to reduce memory usage. Loaded Objects now: 2934.
Total: 2.985740 ms (FindLiveObjects: 0.304506 ms CreateObjectMapping: 0.111910 ms MarkObjects: 2.446318 ms  DeleteObjects: 0.121063 ms)

========================================================================
Received Prepare
Registering precompiled user dll's ...
Registered in 0.000933 seconds.
Begin MonoManager ReloadAssembly
Native extension for LinuxStandalone target not found
Native extension for WindowsStandalone target not found
Native extension for OSXStandalone target not found
Native extension for WebGL target not found
Refreshing native plugins compatible for Editor in 0.54 ms, found 2 plugins.
Preloading 0 native plugins for Editor in 0.00 ms.
Invoked RoslynAnalysisRunner static constructor.
RoslynAnalysisRunner will not be running.
RoslynAnalysisRunner has terminated.
Mono: successfully reloaded assembly
- Completed reload, in  1.523 seconds
Platform modules already initialized, skipping
Shader 'Custom/RainShader': fallback shader 'Particles/Alpha Blended' not found
Refreshing native plugins compatible for Editor in 0.61 ms, found 2 plugins.
Preloading 0 native plugins for Editor in 0.00 ms.
Unloading 2400 Unused Serialized files (Serialized files now loaded: 0)
System memory in use before: 209.2 MB.
System memory in use after: 209.4 MB.

Unloading 12 unused Assets to reduce memory usage. Loaded Objects now: 2936.
Total: 2.917538 ms (FindLiveObjects: 0.288629 ms CreateObjectMapping: 0.102709 ms MarkObjects: 2.416863 ms  DeleteObjects: 0.107622 ms)

========================================================================
Received Prepare
Registering precompiled user dll's ...
Registered in 0.030733 seconds.
Begin MonoManager ReloadAssembly
Native extension for LinuxStandalone target not found
Native extension for WindowsStandalone target not found
Native extension for OSXStandalone target not found
Native extension for WebGL target not found
Refreshing native plugins compatible for Editor in 0.60 ms, found 2 plugins.
Preloading 0 native plugins for Editor in 0.00 ms.
Invoked RoslynAnalysisRunner static constructor.
RoslynAnalysisRunner will not be running.
RoslynAnalysisRunner has terminated.
Mono: successfully reloaded assembly
- Completed reload, in  1.456 seconds
Platform modules already initialized, skipping
Shader 'Custom/RainShader': fallback shader 'Particles/Alpha Blended' not found
Refreshing native plugins compatible for Editor in 0.56 ms, found 2 plugins.
Preloading 0 native plugins for Editor in 0.00 ms.
Unloading 2400 Unused Serialized files (Serialized files now loaded: 0)
System memory in use before: 209.6 MB.
System memory in use after: 209.8 MB.

Unloading 12 unused Assets to reduce memory usage. Loaded Objects now: 2938.
Total: 2.765949 ms (FindLiveObjects: 0.321129 ms CreateObjectMapping: 0.112932 ms MarkObjects: 2.219056 ms  DeleteObjects: 0.111061 ms)

========================================================================
Received Prepare
Shader 'Custom/RainShader': fallback shader 'Particles/Alpha Blended' not found
Refreshing native plugins compatible for Editor in 1.79 ms, found 2 plugins.
Preloading 0 native plugins for Editor in 0.00 ms.
Unloading 9 Unused Serialized files (Serialized files now loaded: 0)
System memory in use before: 161.7 MB.
System memory in use after: 161.8 MB.

Unloading 9 unused Assets to reduce memory usage. Loaded Objects now: 2938.
Total: 3.455921 ms (FindLiveObjects: 0.327830 ms CreateObjectMapping: 0.128487 ms MarkObjects: 2.868740 ms  DeleteObjects: 0.128654 ms)

========================================================================
Received Prepare
Shader 'Custom/RainShader': fallback shader 'Particles/Alpha Blended' not found
Refreshing native plugins compatible for Editor in 1.47 ms, found 2 plugins.
Preloading 0 native plugins for Editor in 0.00 ms.
Unloading 9 Unused Serialized files (Serialized files now loaded: 0)
System memory in use before: 161.7 MB.
System memory in use after: 161.8 MB.

Unloading 9 unused Assets to reduce memory usage. Loaded Objects now: 2938.
Total: 3.402131 ms (FindLiveObjects: 0.462825 ms CreateObjectMapping: 0.126726 ms MarkObjects: 2.688766 ms  DeleteObjects: 0.121821 ms)

========================================================================
Received Prepare
Shader 'Custom/RainShader': fallback shader 'Particles/Alpha Blended' not found
Refreshing native plugins compatible for Editor in 25.53 ms, found 2 plugins.
Preloading 0 native plugins for Editor in 0.00 ms.
Unloading 9 Unused Serialized files (Serialized files now loaded: 0)
System memory in use before: 161.7 MB.
System memory in use after: 161.8 MB.

Unloading 9 unused Assets to reduce memory usage. Loaded Objects now: 2938.
Total: 2.929964 ms (FindLiveObjects: 0.295061 ms CreateObjectMapping: 0.098184 ms MarkObjects: 2.421009 ms  DeleteObjects: 0.114294 ms)

========================================================================
Received Prepare
Shader 'Custom/RainShader': fallback shader 'Particles/Alpha Blended' not found
Refreshing native plugins compatible for Editor in 2.10 ms, found 2 plugins.
Preloading 0 native plugins for Editor in 0.00 ms.
Unloading 9 Unused Serialized files (Serialized files now loaded: 0)
System memory in use before: 161.7 MB.
System memory in use after: 161.8 MB.

Unloading 9 unused Assets to reduce memory usage. Loaded Objects now: 2938.
Total: 21.633797 ms (FindLiveObjects: 1.188736 ms CreateObjectMapping: 0.128771 ms MarkObjects: 20.122425 ms  DeleteObjects: 0.191529 ms)

========================================================================
Received Prepare
Registering precompiled user dll's ...
Registered in 0.001012 seconds.
Begin MonoManager ReloadAssembly
Native extension for LinuxStandalone target not found
Native extension for WindowsStandalone target not found
Native extension for OSXStandalone target not found
Native extension for WebGL target not found
Refreshing native plugins compatible for Editor in 0.63 ms, found 2 plugins.
Preloading 0 native plugins for Editor in 0.00 ms.
Invoked RoslynAnalysisRunner static constructor.
RoslynAnalysisRunner will not be running.
RoslynAnalysisRunner has terminated.
Mono: successfully reloaded assembly
- Completed reload, in  2.674 seconds
Platform modules already initialized, skipping
Shader 'Custom/RainShader': fallback shader 'Particles/Alpha Blended' not found
Refreshing native plugins compatible for Editor in 0.58 ms, found 2 plugins.
Preloading 0 native plugins for Editor in 0.00 ms.
Unloading 2400 Unused Serialized files (Serialized files now loaded: 0)
System memory in use before: 209.8 MB.
System memory in use after: 210.0 MB.

Unloading 12 unused Assets to reduce memory usage. Loaded Objects now: 2940.
Total: 3.261615 ms (FindLiveObjects: 0.321249 ms CreateObjectMapping: 0.126340 ms MarkObjects: 2.693161 ms  DeleteObjects: 0.119094 ms)

========================================================================
Received Prepare
Registering precompiled user dll's ...
Registered in 0.000960 seconds.
Begin MonoManager ReloadAssembly
Native extension for LinuxStandalone target not found
Native extension for WindowsStandalone target not found
Native extension for OSXStandalone target not found
Native extension for WebGL target not found
Refreshing native plugins compatible for Editor in 0.58 ms, found 2 plugins.
Preloading 0 native plugins for Editor in 0.00 ms.
Invoked RoslynAnalysisRunner static constructor.
RoslynAnalysisRunner will not be running.
RoslynAnalysisRunner has terminated.
Mono: successfully reloaded assembly
- Completed reload, in  1.682 seconds
Platform modules already initialized, skipping
Shader 'Custom/RainShader': fallback shader 'Particles/Alpha Blended' not found
Refreshing native plugins compatible for Editor in 0.60 ms, found 2 plugins.
Preloading 0 native plugins for Editor in 0.00 ms.
Unloading 2400 Unused Serialized files (Serialized files now loaded: 0)
System memory in use before: 210.0 MB.
System memory in use after: 210.2 MB.

Unloading 12 unused Assets to reduce memory usage. Loaded Objects now: 2942.
Total: 2.899123 ms (FindLiveObjects: 0.303304 ms CreateObjectMapping: 0.112416 ms MarkObjects: 2.348741 ms  DeleteObjects: 0.132873 ms)

========================================================================
Received Prepare
Registering precompiled user dll's ...
Registered in 0.000884 seconds.
Begin MonoManager ReloadAssembly
Native extension for LinuxStandalone target not found
Native extension for WindowsStandalone target not found
Native extension for OSXStandalone target not found
Native extension for WebGL target not found
Refreshing native plugins compatible for Editor in 0.59 ms, found 2 plugins.
Preloading 0 native plugins for Editor in 0.00 ms.
Invoked RoslynAnalysisRunner static constructor.
RoslynAnalysisRunner will not be running.
RoslynAnalysisRunner has terminated.
Mono: successfully reloaded assembly
- Completed reload, in  1.639 seconds
Platform modules already initialized, skipping
Shader 'Custom/RainShader': fallback shader 'Particles/Alpha Blended' not found
Refreshing native plugins compatible for Editor in 0.57 ms, found 2 plugins.
Preloading 0 native plugins for Editor in 0.00 ms.
Unloading 2400 Unused Serialized files (Serialized files now loaded: 0)
System memory in use before: 210.3 MB.
System memory in use after: 210.5 MB.

Unloading 12 unused Assets to reduce memory usage. Loaded Objects now: 2944.
Total: 2.904089 ms (FindLiveObjects: 0.323555 ms CreateObjectMapping: 0.109374 ms MarkObjects: 2.343230 ms  DeleteObjects: 0.125897 ms)

========================================================================
Received Prepare
Shader 'Custom/RainShader': fallback shader 'Particles/Alpha Blended' not found
Refreshing native plugins compatible for Editor in 21.00 ms, found 2 plugins.
Preloading 0 native plugins for Editor in 0.00 ms.
Unloading 9 Unused Serialized files (Serialized files now loaded: 0)
System memory in use before: 162.3 MB.
System memory in use after: 162.5 MB.

Unloading 9 unused Assets to reduce memory usage. Loaded Objects now: 2944.
Total: 3.242418 ms (FindLiveObjects: 0.340672 ms CreateObjectMapping: 0.116630 ms MarkObjects: 2.655800 ms  DeleteObjects: 0.127985 ms)

========================================================================
Received Import Request.
  Time since last request: 6201.046612 seconds.
  path: Assets/_Scenes/Scene03.unity
  artifactKey: Guid(2890416bc20c54f85b90b94df6115606) Importer(815301076,1909f56bfc062723c751e8b465ee728b)
Start importing Assets/_Scenes/Scene03.unity using Guid(2890416bc20c54f85b90b94df6115606) Importer(815301076,1909f56bfc062723c751e8b465ee728b)  -> (artifact id: '67a7996503f59711e7fd7e3f0b7b058f') in 0.108974 seconds
  Import took 0.347863 seconds .

========================================================================
Received Import Request.
  Time since last request: 30.391876 seconds.
  path: Assets/_Scenes/Scene02.unity
  artifactKey: Guid(2cda990e2423bbf4892e6590ba056729) Importer(815301076,1909f56bfc062723c751e8b465ee728b)
Start importing Assets/_Scenes/Scene02.unity using Guid(2cda990e2423bbf4892e6590ba056729) Importer(815301076,1909f56bfc062723c751e8b465ee728b)  -> (artifact id: '275f330f1d6a8d5b5e13d86a5c4a5126') in 0.031815 seconds
  Import took 0.071884 seconds .

========================================================================
Received Import Request.
  Time since last request: 5.903228 seconds.
  path: Assets/_Scenes/Scene04.unity
  artifactKey: Guid(d8d3e78b7233242009888ad850342c39) Importer(815301076,1909f56bfc062723c751e8b465ee728b)
Start importing Assets/_Scenes/Scene04.unity using Guid(d8d3e78b7233242009888ad850342c39) Importer(815301076,1909f56bfc062723c751e8b465ee728b)  -> (artifact id: 'da56a955e92d712d54744042e1b1f8a4') in 0.031625 seconds
  Import took 0.122268 seconds .

========================================================================
Received Import Request.
  Time since last request: 7.100006 seconds.
  path: Assets/_Scenes/Scene05.unity
  artifactKey: Guid(41458261f699d4a91a0f1b52ff50c6f3) Importer(815301076,1909f56bfc062723c751e8b465ee728b)
Start importing Assets/_Scenes/Scene05.unity using Guid(41458261f699d4a91a0f1b52ff50c6f3) Importer(815301076,1909f56bfc062723c751e8b465ee728b)  -> (artifact id: '817db06cb6b38e308f304a8a00e1d84d') in 0.027970 seconds
  Import took 0.052348 seconds .

========================================================================
Received Import Request.
  Time since last request: 5.606843 seconds.
  path: Assets/_Scenes/Menu.unity
  artifactKey: Guid(514942bf4e72a449780bd2f074439535) Importer(815301076,1909f56bfc062723c751e8b465ee728b)
Start importing Assets/_Scenes/Menu.unity using Guid(514942bf4e72a449780bd2f074439535) Importer(815301076,1909f56bfc062723c751e8b465ee728b)  -> (artifact id: '3817536d5d4b5a4c9a4a16ae6e33f36f') in 0.166550 seconds
  Import took 0.220475 seconds .

========================================================================
Received Prepare
Shader 'Custom/RainShader': fallback shader 'Particles/Alpha Blended' not found
Refreshing native plugins compatible for Editor in 1.83 ms, found 2 plugins.
Preloading 0 native plugins for Editor in 0.00 ms.
Unloading 9 Unused Serialized files (Serialized files now loaded: 0)
System memory in use before: 162.7 MB.
System memory in use after: 162.9 MB.

Unloading 9 unused Assets to reduce memory usage. Loaded Objects now: 2944.
Total: 8.022821 ms (FindLiveObjects: 0.399660 ms CreateObjectMapping: 0.099580 ms MarkObjects: 7.332008 ms  DeleteObjects: 0.189913 ms)

========================================================================
Received Import Request.
  Time since last request: 437.096494 seconds.
  path: Assets/_Scenes/Scene03.unity
  artifactKey: Guid(2890416bc20c54f85b90b94df6115606) Importer(815301076,1909f56bfc062723c751e8b465ee728b)
Start importing Assets/_Scenes/Scene03.unity using Guid(2890416bc20c54f85b90b94df6115606) Importer(815301076,1909f56bfc062723c751e8b465ee728b)  -> (artifact id: 'e5932f07608ec6a52b78b8641fce5d46') in 0.012559 seconds
  Import took 0.058448 seconds .

========================================================================
Received Prepare
Registering precompiled user dll's ...
Registered in 0.001324 seconds.
Begin MonoManager ReloadAssembly
Native extension for LinuxStandalone target not found
Native extension for WindowsStandalone target not found
Native extension for OSXStandalone target not found
Native extension for WebGL target not found
Refreshing native plugins compatible for Editor in 0.57 ms, found 2 plugins.
Preloading 0 native plugins for Editor in 0.00 ms.
Invoked RoslynAnalysisRunner static constructor.
RoslynAnalysisRunner will not be running.
RoslynAnalysisRunner has terminated.
Mono: successfully reloaded assembly
- Completed reload, in  1.756 seconds
Platform modules already initialized, skipping
Shader 'Custom/RainShader': fallback shader 'Particles/Alpha Blended' not found
Refreshing native plugins compatible for Editor in 0.53 ms, found 2 plugins.
Preloading 0 native plugins for Editor in 0.00 ms.
Unloading 2400 Unused Serialized files (Serialized files now loaded: 0)
System memory in use before: 210.4 MB.
System memory in use after: 210.6 MB.

Unloading 12 unused Assets to reduce memory usage. Loaded Objects now: 2946.
Total: 2.949391 ms (FindLiveObjects: 0.311995 ms CreateObjectMapping: 0.101091 ms MarkObjects: 2.417682 ms  DeleteObjects: 0.116478 ms)

========================================================================
Received Prepare
Shader 'Custom/RainShader': fallback shader 'Particles/Alpha Blended' not found
Refreshing native plugins compatible for Editor in 1.83 ms, found 2 plugins.
Preloading 0 native plugins for Editor in 0.00 ms.
Unloading 9 Unused Serialized files (Serialized files now loaded: 0)
System memory in use before: 162.5 MB.
System memory in use after: 162.7 MB.

Unloading 9 unused Assets to reduce memory usage. Loaded Objects now: 2946.
Total: 3.405825 ms (FindLiveObjects: 0.335061 ms CreateObjectMapping: 0.128624 ms MarkObjects: 2.804311 ms  DeleteObjects: 0.135000 ms)

